<?xml version="1.0" encoding="UTF-8"?>
<testsuite xmlns:xsi="http://www.w3.org/2001/XMLSchema-instance" xsi:noNamespaceSchemaLocation="https://maven.apache.org/surefire/maven-surefire-plugin/xsd/surefire-test-report.xsd" name="gov.tubitak.keremt.services.StockServiceTest" time="0.397" tests="6" errors="0" skipped="0" failures="0">
  <properties>
[...]
</properties>
  <testcase name="whenGetPriceCalledWithValidRequestTypeVolume_ReturnsVolume" classname="gov.tubitak.keremt.services.StockServiceTest" time="0.379"/>
  <testcase name="whenGetPriceCalledWithValidRequestInValidType_ReturnsMinus1" classname="gov.tubitak.keremt.services.StockServiceTest" time="0"/>
  <testcase name="whenGetPriceCalledWithValidRequestTypeOpen_ReturnsOpenPrice" classname="gov.tubitak.keremt.services.StockServiceTest" time="0.001"/>
  <testcase name="whenGetPriceCalledWithValidRequestTypeClose_ReturnsClosePrice" classname="gov.tubitak.keremt.services.StockServiceTest" time="0.001"/>
  <testcase name="whenGetPriceCalledWithValidRequestTypeLow_ReturnsLowPrice" classname="gov.tubitak.keremt.services.StockServiceTest" time="0.001"/>
  <testcase name="whenGetPriceCalledWithValidRequestTypHigh_ReturnsHighPrice" classname="gov.tubitak.keremt.services.StockServiceTest" time="0.001"/>
</testsuite>